<?xml version="1.0" encoding="UTF-8"?>
<testng-results skipped="0" failed="0" total="1" passed="1">
  <reporter-output>
  </reporter-output>
  <suite name="Default suite" duration-ms="17645" started-at="2020-03-08T18:46:56Z" finished-at="2020-03-08T18:47:13Z">
    <groups>
    </groups>
    <test name="Default test" duration-ms="17645" started-at="2020-03-08T18:46:56Z" finished-at="2020-03-08T18:47:13Z">
      <class name="testcase.w3schools.Testcase">
        <test-method status="PASS" signature="beforeSuit()[pri:0, instance:testcase.w3schools.Testcase@18c7aca]" name="beforeSuit" is-config="true" duration-ms="165" started-at="2020-03-08T18:46:56Z" finished-at="2020-03-08T18:46:56Z">
          <reporter-output>
          </reporter-output>
        </test-method> <!-- beforeSuit -->
        <test-method status="PASS" signature="beforeTest()[pri:0, instance:testcase.w3schools.Testcase@18c7aca]" name="beforeTest" is-config="true" duration-ms="0" started-at="2020-03-08T18:46:56Z" finished-at="2020-03-08T18:46:56Z">
          <reporter-output>
          </reporter-output>
        </test-method> <!-- beforeTest -->
        <test-method status="PASS" signature="startBrowser()[pri:0, instance:testcase.w3schools.Testcase@18c7aca]" name="startBrowser" is-config="true" duration-ms="13428" started-at="2020-03-08T18:46:56Z" finished-at="2020-03-08T18:47:09Z">
          <reporter-output>
          </reporter-output>
        </test-method> <!-- startBrowser -->
        <test-method status="PASS" signature="testCaseForW3SChools()[pri:0, instance:testcase.w3schools.Testcase@18c7aca]" name="testCaseForW3SChools" duration-ms="3132" started-at="2020-03-08T18:47:09Z" finished-at="2020-03-08T18:47:12Z">
          <reporter-output>
          </reporter-output>
        </test-method> <!-- testCaseForW3SChools -->
        <test-method status="PASS" signature="closeBrowsers()[pri:0, instance:testcase.w3schools.Testcase@18c7aca]" name="closeBrowsers" is-config="true" duration-ms="738" started-at="2020-03-08T18:47:12Z" finished-at="2020-03-08T18:47:13Z">
          <reporter-output>
          </reporter-output>
        </test-method> <!-- closeBrowsers -->
        <test-method status="PASS" signature="afterClass()[pri:0, instance:testcase.w3schools.Testcase@18c7aca]" name="afterClass" is-config="true" duration-ms="0" started-at="2020-03-08T18:47:13Z" finished-at="2020-03-08T18:47:13Z">
          <reporter-output>
          </reporter-output>
        </test-method> <!-- afterClass -->
        <test-method status="PASS" signature="afterTest()[pri:0, instance:testcase.w3schools.Testcase@18c7aca]" name="afterTest" is-config="true" duration-ms="334" started-at="2020-03-08T18:47:13Z" finished-at="2020-03-08T18:47:13Z">
          <reporter-output>
          </reporter-output>
        </test-method> <!-- afterTest -->
      </class> <!-- testcase.w3schools.Testcase -->
    </test> <!-- Default test -->
  </suite> <!-- Default suite -->
</testng-results>
